<?xml version="1.0" encoding="UTF-8"?>
<!-- Generated by org.testng.reporters.JUnitReportReporter -->
<testsuite hostname="LAPTOP-0NI70JRF" failures="0" tests="2" name="testCases.TC_04_CompletePurchase" time="14.609" errors="0" timestamp="2025-05-18T16:29:33 CDT" skipped="0">
  <testcase classname="testCases.TC_04_CompletePurchase" name="addToCart" time="6.781"/>
  <testcase classname="testCases.TC_04_CompletePurchase" name="addToCart" time="7.828"/>
</testsuite> <!-- testCases.TC_04_CompletePurchase -->
