<?xml version="1.0" encoding="UTF-8"?>
<!-- Generated by org.testng.reporters.JUnitReportReporter -->
<testsuite hostname="LAPTOP-0NI70JRF" failures="0" tests="2" name="testCases.TC_05_AddToWishList" time="6.904" errors="0" timestamp="2025-05-18T16:29:33 CDT" skipped="0">
  <testcase classname="testCases.TC_05_AddToWishList" name="addToWishList" time="3.463"/>
  <testcase classname="testCases.TC_05_AddToWishList" name="addToWishList" time="3.441"/>
</testsuite> <!-- testCases.TC_05_AddToWishList -->
