<?xml version="1.0" encoding="UTF-8"?>
<!-- Generated by org.testng.reporters.JUnitReportReporter -->
<testsuite hostname="LAPTOP-0NI70JRF" failures="0" tests="2" name="testCases.TC_01_LaunchApplication" time="0.044" errors="0" timestamp="2025-05-18T16:29:33 CDT" skipped="0">
  <testcase classname="testCases.TC_01_LaunchApplication" name="testLaunchApplication" time="0.014"/>
  <testcase classname="testCases.TC_01_LaunchApplication" name="testLaunchApplication" time="0.030"/>
</testsuite> <!-- testCases.TC_01_LaunchApplication -->
