<?xml version="1.0" encoding="UTF-8"?>
<!-- Generated by org.testng.reporters.JUnitReportReporter -->
<testsuite hostname="LAPTOP-0NI70JRF" failures="0" tests="10" name="testCases.TC_02_Login" time="16.958" errors="0" timestamp="2025-05-18T16:29:33 CDT" skipped="0">
  <testcase classname="testCases.TC_02_Login" name="testLogin" time="2.692"/>
  <testcase classname="testCases.TC_02_Login" name="testLogin" time="1.507"/>
  <testcase classname="testCases.TC_02_Login" name="testLogin" time="1.403"/>
  <testcase classname="testCases.TC_02_Login" name="testLogin" time="1.456"/>
  <testcase classname="testCases.TC_02_Login" name="testLogin" time="1.619"/>
  <testcase classname="testCases.TC_02_Login" name="testLogin" time="1.709"/>
  <testcase classname="testCases.TC_02_Login" name="testLogin" time="1.771"/>
  <testcase classname="testCases.TC_02_Login" name="testLogin" time="1.804"/>
  <testcase classname="testCases.TC_02_Login" name="testLogin" time="1.368"/>
  <testcase classname="testCases.TC_02_Login" name="testLogin" time="1.629"/>
</testsuite> <!-- testCases.TC_02_Login -->
