<?xml version="1.0" encoding="UTF-8"?>
<!-- Generated by org.testng.reporters.JUnitReportReporter -->
<testsuite hostname="LAPTOP-0NI70JRF" failures="0" tests="2" name="testCases.TC_06_AddAffiliate" time="7.539" errors="0" timestamp="2025-05-18T16:29:33 CDT" skipped="0">
  <testcase classname="testCases.TC_06_AddAffiliate" name="addToWishList" time="3.622"/>
  <testcase classname="testCases.TC_06_AddAffiliate" name="addToWishList" time="3.917"/>
</testsuite> <!-- testCases.TC_06_AddAffiliate -->
