<?xml version="1.0" encoding="UTF-8"?>
<!-- Generated by org.testng.reporters.JUnitReportReporter -->
<testsuite hostname="LAPTOP-0NI70JRF" failures="0" tests="2" name="testCases.TC_04_CompletePurchase" time="28.729" errors="0" timestamp="2025-05-20T10:45:10 CDT" skipped="0">
  <testcase classname="testCases.TC_04_CompletePurchase" name="addToCart" time="17.954"/>
  <testcase classname="testCases.TC_04_CompletePurchase" name="addToCart" time="10.775"/>
</testsuite> <!-- testCases.TC_04_CompletePurchase -->
