<?xml version="1.0" encoding="UTF-8"?>
<!-- Generated by org.testng.reporters.JUnitReportReporter -->
<testsuite hostname="LAPTOP-0NI70JRF" failures="0" tests="2" name="testCases.TC_01_LaunchApplication" time="0.031" errors="0" timestamp="2025-05-20T10:45:10 CDT" skipped="0">
  <testcase classname="testCases.TC_01_LaunchApplication" name="testLaunchApplication" time="0.009"/>
  <testcase classname="testCases.TC_01_LaunchApplication" name="testLaunchApplication" time="0.022"/>
</testsuite> <!-- testCases.TC_01_LaunchApplication -->
