<?xml version="1.0" encoding="UTF-8"?>
<!-- Generated by org.testng.reporters.JUnitReportReporter -->
<testsuite hostname="LAPTOP-0NI70JRF" failures="0" tests="2" name="testCases.TC_06_AddAffiliate" time="11.750" errors="0" timestamp="2025-05-20T10:45:10 CDT" skipped="0">
  <testcase classname="testCases.TC_06_AddAffiliate" name="addToWishList" time="6.900"/>
  <testcase classname="testCases.TC_06_AddAffiliate" name="addToWishList" time="4.850"/>
</testsuite> <!-- testCases.TC_06_AddAffiliate -->
