<?xml version="1.0" encoding="UTF-8"?>
<!-- Generated by org.testng.reporters.JUnitReportReporter -->
<testsuite hostname="LAPTOP-0NI70JRF" failures="0" tests="10" name="testCases.TC_02_Login" time="36.112" errors="0" timestamp="2025-05-20T10:45:10 CDT" skipped="0">
  <testcase classname="testCases.TC_02_Login" name="testLogin" time="3.801"/>
  <testcase classname="testCases.TC_02_Login" name="testLogin" time="2.353"/>
  <testcase classname="testCases.TC_02_Login" name="testLogin" time="3.391"/>
  <testcase classname="testCases.TC_02_Login" name="testLogin" time="3.229"/>
  <testcase classname="testCases.TC_02_Login" name="testLogin" time="3.870"/>
  <testcase classname="testCases.TC_02_Login" name="testLogin" time="4.183"/>
  <testcase classname="testCases.TC_02_Login" name="testLogin" time="3.578"/>
  <testcase classname="testCases.TC_02_Login" name="testLogin" time="2.907"/>
  <testcase classname="testCases.TC_02_Login" name="testLogin" time="2.733"/>
  <testcase classname="testCases.TC_02_Login" name="testLogin" time="6.067"/>
</testsuite> <!-- testCases.TC_02_Login -->
