<?xml version="1.0" encoding="UTF-8"?>
<!-- Generated by org.testng.reporters.JUnitReportReporter -->
<testsuite hostname="LAPTOP-0NI70JRF" failures="0" tests="2" name="testCases.TC_03_AddToCart" time="11.589" errors="0" timestamp="2025-05-20T10:45:10 CDT" skipped="0">
  <testcase classname="testCases.TC_03_AddToCart" name="addToCart" time="6.824"/>
  <testcase classname="testCases.TC_03_AddToCart" name="addToCart" time="4.765"/>
</testsuite> <!-- testCases.TC_03_AddToCart -->
