<?xml version="1.0" encoding="UTF-8"?>
<!-- Generated by org.testng.reporters.JUnitReportReporter -->
<testsuite hostname="LAPTOP-0NI70JRF" failures="0" tests="2" name="testCases.TC_05_AddToWishList" time="19.248" errors="0" timestamp="2025-05-20T10:45:10 CDT" skipped="0">
  <testcase classname="testCases.TC_05_AddToWishList" name="addToWishList" time="9.139"/>
  <testcase classname="testCases.TC_05_AddToWishList" name="addToWishList" time="10.109"/>
</testsuite> <!-- testCases.TC_05_AddToWishList -->
